<?xml version="1.0" encoding="UTF-8"?>
<testng-results ignored="0" total="1" passed="1" failed="0" skipped="0">
  <reporter-output>
  </reporter-output>
  <suite started-at="2022-10-18T02:36:42 IST" name="Default suite" finished-at="2022-10-18T02:37:06 IST" duration-ms="23079">
    <groups>
    </groups>
    <test started-at="2022-10-18T02:36:42 IST" name="Default test" finished-at="2022-10-18T02:37:06 IST" duration-ms="23079">
      <class name="com.simplilearn.testng.FlipKartDemo">
        <test-method is-config="true" signature="beforeMethod()[pri:0, instance:com.simplilearn.testng.FlipKartDemo@5032714f]" started-at="2022-10-18T02:36:43 IST" name="beforeMethod" finished-at="2022-10-18T02:36:48 IST" duration-ms="5544" status="PASS">
          <reporter-output>
          </reporter-output>
        </test-method> <!-- beforeMethod -->
        <test-method signature="flipkart()[pri:0, instance:com.simplilearn.testng.FlipKartDemo@5032714f]" started-at="2022-10-18T02:36:48 IST" name="flipkart" finished-at="2022-10-18T02:37:06 IST" duration-ms="17433" status="PASS">
          <reporter-output>
          </reporter-output>
        </test-method> <!-- flipkart -->
        <test-method is-config="true" signature="afterMethod()[pri:0, instance:com.simplilearn.testng.FlipKartDemo@5032714f]" started-at="2022-10-18T02:37:06 IST" name="afterMethod" finished-at="2022-10-18T02:37:06 IST" duration-ms="0" status="PASS">
          <reporter-output>
          </reporter-output>
        </test-method> <!-- afterMethod -->
      </class> <!-- com.simplilearn.testng.FlipKartDemo -->
    </test> <!-- Default test -->
  </suite> <!-- Default suite -->
</testng-results>
